c:\users\navid\source\repos\uni_v2\uni_v2\debug\uni_v2.pch
c:\users\navid\source\repos\uni_v2\uni_v2\debug\vc141.pdb
c:\users\navid\source\repos\uni_v2\uni_v2\debug\vc141.idb
c:\users\navid\source\repos\uni_v2\uni_v2\debug\pch.sbr
c:\users\navid\source\repos\uni_v2\uni_v2\debug\pch.obj
c:\users\navid\source\repos\uni_v2\uni_v2\debug\lesson.sbr
c:\users\navid\source\repos\uni_v2\uni_v2\debug\login.sbr
c:\users\navid\source\repos\uni_v2\uni_v2\debug\student.sbr
c:\users\navid\source\repos\uni_v2\uni_v2\debug\teacher.sbr
c:\users\navid\source\repos\uni_v2\uni_v2\debug\uni_v2.sbr
c:\users\navid\source\repos\uni_v2\uni_v2\debug\u_p.sbr
c:\users\navid\source\repos\uni_v2\uni_v2\debug\u_p.obj
c:\users\navid\source\repos\uni_v2\uni_v2\debug\teacher.obj
c:\users\navid\source\repos\uni_v2\uni_v2\debug\student.obj
c:\users\navid\source\repos\uni_v2\uni_v2\debug\login.obj
c:\users\navid\source\repos\uni_v2\uni_v2\debug\lesson.obj
c:\users\navid\source\repos\uni_v2\uni_v2\debug\uni_v2.obj
c:\users\navid\source\repos\uni_v2\debug\uni_v2.exe
c:\users\navid\source\repos\uni_v2\debug\uni_v2.ilk
c:\users\navid\source\repos\uni_v2\debug\uni_v2.pdb
c:\users\navid\source\repos\uni_v2\uni_v2\debug\teacher.obj.enc
c:\users\navid\source\repos\uni_v2\uni_v2\debug\uni_v2.obj.enc
c:\users\navid\source\repos\uni_v2\debug\uni_v2.bsc
c:\users\navid\source\repos\uni_v2\uni_v2\debug\uni_v2.tlog\bscmake.command.1.tlog
c:\users\navid\source\repos\uni_v2\uni_v2\debug\uni_v2.tlog\bscmake.read.1.tlog
c:\users\navid\source\repos\uni_v2\uni_v2\debug\uni_v2.tlog\cl.command.1.tlog
c:\users\navid\source\repos\uni_v2\uni_v2\debug\uni_v2.tlog\cl.read.1.tlog
c:\users\navid\source\repos\uni_v2\uni_v2\debug\uni_v2.tlog\cl.write.1.tlog
c:\users\navid\source\repos\uni_v2\uni_v2\debug\uni_v2.tlog\link.316.delete.1.tlog
c:\users\navid\source\repos\uni_v2\uni_v2\debug\uni_v2.tlog\link.command.1.tlog
c:\users\navid\source\repos\uni_v2\uni_v2\debug\uni_v2.tlog\link.read.1.tlog
c:\users\navid\source\repos\uni_v2\uni_v2\debug\uni_v2.tlog\link.write.1.tlog
